<?xml version="1.0" encoding="UTF-8"?>
<!-- Generated by org.testng.reporters.JUnitReportReporter -->
<testsuite hostname="DESKTOP-V2SGB40" name="com.testrunner.TestRunner" tests="8" failures="0" timestamp="26 Jan 2022 19:11:47 GMT" time="48.761" errors="0">
  <testcase name="runScenario" time="5.936" classname="com.testrunner.TestRunner"/>
  <testcase name="runScenario" time="5.413" classname="com.testrunner.TestRunner"/>
  <testcase name="runScenario" time="5.880" classname="com.testrunner.TestRunner"/>
  <testcase name="runScenario" time="9.348" classname="com.testrunner.TestRunner"/>
  <testcase name="runScenario" time="5.352" classname="com.testrunner.TestRunner"/>
  <testcase name="runScenario" time="5.879" classname="com.testrunner.TestRunner"/>
  <testcase name="runScenario" time="4.435" classname="com.testrunner.TestRunner"/>
  <testcase name="runScenario" time="6.518" classname="com.testrunner.TestRunner"/>
</testsuite> <!-- com.testrunner.TestRunner -->
